-------------------------------------------------------------------------------
Test set: com.inghubstr.brokerage.OrderServiceTest
-------------------------------------------------------------------------------
Tests run: 5, Failures: 0, Errors: 5, Skipped: 0, Time elapsed: 3.273 s <<< FAILURE! -- in com.inghubstr.brokerage.OrderServiceTest
com.inghubstr.brokerage.OrderServiceTest.testCreateBuyOrder_success -- Time elapsed: 0.066 s <<< ERROR!
com.inghubstr.brokerage.v1.exception.ApiRequestException: Asset can not be found
	at com.inghubstr.brokerage.v1.service.OrderService.lambda$createOrder$0(OrderService.java:28)
	at java.base/java.util.Optional.orElseThrow(Optional.java:403)
	at com.inghubstr.brokerage.v1.service.OrderService.createOrder(OrderService.java:28)
	at java.base/jdk.internal.reflect.DirectMethodHandleAccessor.invoke(DirectMethodHandleAccessor.java:103)
	at java.base/java.lang.reflect.Method.invoke(Method.java:580)
	at org.springframework.aop.support.AopUtils.invokeJoinpointUsingReflection(AopUtils.java:359)
	at org.springframework.aop.framework.ReflectiveMethodInvocation.invokeJoinpoint(ReflectiveMethodInvocation.java:196)
	at org.springframework.aop.framework.ReflectiveMethodInvocation.proceed(ReflectiveMethodInvocation.java:163)
	at org.springframework.transaction.interceptor.TransactionAspectSupport.invokeWithinTransaction(TransactionAspectSupport.java:380)
	at org.springframework.transaction.interceptor.TransactionInterceptor.invoke(TransactionInterceptor.java:119)
	at org.springframework.aop.framework.ReflectiveMethodInvocation.proceed(ReflectiveMethodInvocation.java:184)
	at org.springframework.aop.framework.CglibAopProxy$DynamicAdvisedInterceptor.intercept(CglibAopProxy.java:728)
	at com.inghubstr.brokerage.v1.service.OrderService$$SpringCGLIB$$0.createOrder(<generated>)
	at com.inghubstr.brokerage.OrderServiceTest.testCreateBuyOrder_success(OrderServiceTest.java:44)
	at java.base/java.lang.reflect.Method.invoke(Method.java:580)
	at java.base/java.util.ArrayList.forEach(ArrayList.java:1596)
	at java.base/java.util.ArrayList.forEach(ArrayList.java:1596)

com.inghubstr.brokerage.OrderServiceTest.testMatchSellOrder_updatesTRY -- Time elapsed: 0.027 s <<< ERROR!
com.inghubstr.brokerage.v1.exception.ApiRequestException: Asset can not be found
	at com.inghubstr.brokerage.v1.service.OrderService.lambda$createOrder$0(OrderService.java:28)
	at java.base/java.util.Optional.orElseThrow(Optional.java:403)
	at com.inghubstr.brokerage.v1.service.OrderService.createOrder(OrderService.java:28)
	at java.base/jdk.internal.reflect.DirectMethodHandleAccessor.invoke(DirectMethodHandleAccessor.java:103)
	at java.base/java.lang.reflect.Method.invoke(Method.java:580)
	at org.springframework.aop.support.AopUtils.invokeJoinpointUsingReflection(AopUtils.java:359)
	at org.springframework.aop.framework.ReflectiveMethodInvocation.invokeJoinpoint(ReflectiveMethodInvocation.java:196)
	at org.springframework.aop.framework.ReflectiveMethodInvocation.proceed(ReflectiveMethodInvocation.java:163)
	at org.springframework.transaction.interceptor.TransactionAspectSupport.invokeWithinTransaction(TransactionAspectSupport.java:380)
	at org.springframework.transaction.interceptor.TransactionInterceptor.invoke(TransactionInterceptor.java:119)
	at org.springframework.aop.framework.ReflectiveMethodInvocation.proceed(ReflectiveMethodInvocation.java:184)
	at org.springframework.aop.framework.CglibAopProxy$DynamicAdvisedInterceptor.intercept(CglibAopProxy.java:728)
	at com.inghubstr.brokerage.v1.service.OrderService$$SpringCGLIB$$0.createOrder(<generated>)
	at com.inghubstr.brokerage.OrderServiceTest.testMatchSellOrder_updatesTRY(OrderServiceTest.java:95)
	at java.base/java.lang.reflect.Method.invoke(Method.java:580)
	at java.base/java.util.ArrayList.forEach(ArrayList.java:1596)
	at java.base/java.util.ArrayList.forEach(ArrayList.java:1596)

com.inghubstr.brokerage.OrderServiceTest.testCreateSellOrder_success -- Time elapsed: 0.026 s <<< ERROR!
com.inghubstr.brokerage.v1.exception.ApiRequestException: Asset can not be found
	at com.inghubstr.brokerage.v1.service.OrderService.lambda$createOrder$0(OrderService.java:28)
	at java.base/java.util.Optional.orElseThrow(Optional.java:403)
	at com.inghubstr.brokerage.v1.service.OrderService.createOrder(OrderService.java:28)
	at java.base/jdk.internal.reflect.DirectMethodHandleAccessor.invoke(DirectMethodHandleAccessor.java:103)
	at java.base/java.lang.reflect.Method.invoke(Method.java:580)
	at org.springframework.aop.support.AopUtils.invokeJoinpointUsingReflection(AopUtils.java:359)
	at org.springframework.aop.framework.ReflectiveMethodInvocation.invokeJoinpoint(ReflectiveMethodInvocation.java:196)
	at org.springframework.aop.framework.ReflectiveMethodInvocation.proceed(ReflectiveMethodInvocation.java:163)
	at org.springframework.transaction.interceptor.TransactionAspectSupport.invokeWithinTransaction(TransactionAspectSupport.java:380)
	at org.springframework.transaction.interceptor.TransactionInterceptor.invoke(TransactionInterceptor.java:119)
	at org.springframework.aop.framework.ReflectiveMethodInvocation.proceed(ReflectiveMethodInvocation.java:184)
	at org.springframework.aop.framework.CglibAopProxy$DynamicAdvisedInterceptor.intercept(CglibAopProxy.java:728)
	at com.inghubstr.brokerage.v1.service.OrderService$$SpringCGLIB$$0.createOrder(<generated>)
	at com.inghubstr.brokerage.OrderServiceTest.testCreateSellOrder_success(OrderServiceTest.java:56)
	at java.base/java.lang.reflect.Method.invoke(Method.java:580)
	at java.base/java.util.ArrayList.forEach(ArrayList.java:1596)
	at java.base/java.util.ArrayList.forEach(ArrayList.java:1596)

com.inghubstr.brokerage.OrderServiceTest.testCancelBuyOrder_success -- Time elapsed: 0.029 s <<< ERROR!
com.inghubstr.brokerage.v1.exception.ApiRequestException: Asset can not be found
	at com.inghubstr.brokerage.v1.service.OrderService.lambda$createOrder$0(OrderService.java:28)
	at java.base/java.util.Optional.orElseThrow(Optional.java:403)
	at com.inghubstr.brokerage.v1.service.OrderService.createOrder(OrderService.java:28)
	at java.base/jdk.internal.reflect.DirectMethodHandleAccessor.invoke(DirectMethodHandleAccessor.java:103)
	at java.base/java.lang.reflect.Method.invoke(Method.java:580)
	at org.springframework.aop.support.AopUtils.invokeJoinpointUsingReflection(AopUtils.java:359)
	at org.springframework.aop.framework.ReflectiveMethodInvocation.invokeJoinpoint(ReflectiveMethodInvocation.java:196)
	at org.springframework.aop.framework.ReflectiveMethodInvocation.proceed(ReflectiveMethodInvocation.java:163)
	at org.springframework.transaction.interceptor.TransactionAspectSupport.invokeWithinTransaction(TransactionAspectSupport.java:380)
	at org.springframework.transaction.interceptor.TransactionInterceptor.invoke(TransactionInterceptor.java:119)
	at org.springframework.aop.framework.ReflectiveMethodInvocation.proceed(ReflectiveMethodInvocation.java:184)
	at org.springframework.aop.framework.CglibAopProxy$DynamicAdvisedInterceptor.intercept(CglibAopProxy.java:728)
	at com.inghubstr.brokerage.v1.service.OrderService$$SpringCGLIB$$0.createOrder(<generated>)
	at com.inghubstr.brokerage.OrderServiceTest.testCancelBuyOrder_success(OrderServiceTest.java:68)
	at java.base/java.lang.reflect.Method.invoke(Method.java:580)
	at java.base/java.util.ArrayList.forEach(ArrayList.java:1596)
	at java.base/java.util.ArrayList.forEach(ArrayList.java:1596)

com.inghubstr.brokerage.OrderServiceTest.testMatchBuyOrder_updatesAsset -- Time elapsed: 0.035 s <<< ERROR!
com.inghubstr.brokerage.v1.exception.ApiRequestException: Asset can not be found
	at com.inghubstr.brokerage.v1.service.OrderService.lambda$createOrder$0(OrderService.java:28)
	at java.base/java.util.Optional.orElseThrow(Optional.java:403)
	at com.inghubstr.brokerage.v1.service.OrderService.createOrder(OrderService.java:28)
	at java.base/jdk.internal.reflect.DirectMethodHandleAccessor.invoke(DirectMethodHandleAccessor.java:103)
	at java.base/java.lang.reflect.Method.invoke(Method.java:580)
	at org.springframework.aop.support.AopUtils.invokeJoinpointUsingReflection(AopUtils.java:359)
	at org.springframework.aop.framework.ReflectiveMethodInvocation.invokeJoinpoint(ReflectiveMethodInvocation.java:196)
	at org.springframework.aop.framework.ReflectiveMethodInvocation.proceed(ReflectiveMethodInvocation.java:163)
	at org.springframework.transaction.interceptor.TransactionAspectSupport.invokeWithinTransaction(TransactionAspectSupport.java:380)
	at org.springframework.transaction.interceptor.TransactionInterceptor.invoke(TransactionInterceptor.java:119)
	at org.springframework.aop.framework.ReflectiveMethodInvocation.proceed(ReflectiveMethodInvocation.java:184)
	at org.springframework.aop.framework.CglibAopProxy$DynamicAdvisedInterceptor.intercept(CglibAopProxy.java:728)
	at com.inghubstr.brokerage.v1.service.OrderService$$SpringCGLIB$$0.createOrder(<generated>)
	at com.inghubstr.brokerage.OrderServiceTest.testMatchBuyOrder_updatesAsset(OrderServiceTest.java:81)
	at java.base/java.lang.reflect.Method.invoke(Method.java:580)
	at java.base/java.util.ArrayList.forEach(ArrayList.java:1596)
	at java.base/java.util.ArrayList.forEach(ArrayList.java:1596)

