<?xml version="1.0" encoding="UTF-8"?>
<testsuite xmlns:xsi="http://www.w3.org/2001/XMLSchema-instance" xsi:noNamespaceSchemaLocation="https://maven.apache.org/surefire/maven-surefire-plugin/xsd/surefire-test-report.xsd" version="3.0.2" name="com.inghubstr.brokerage.OrderServiceTest" time="3.273" tests="5" errors="5" skipped="0" failures="0">
  <properties>
[...]
</properties>
  <testcase name="testCreateBuyOrder_success" classname="com.inghubstr.brokerage.OrderServiceTest" time="0.066">
    <error message="Asset can not be found" type="com.inghubstr.brokerage.v1.exception.ApiRequestException"><![CDATA[com.inghubstr.brokerage.v1.exception.ApiRequestException: Asset can not be found
	at com.inghubstr.brokerage.v1.service.OrderService.lambda$createOrder$0(OrderService.java:28)
	at java.base/java.util.Optional.orElseThrow(Optional.java:403)
	at com.inghubstr.brokerage.v1.service.OrderService.createOrder(OrderService.java:28)
	at java.base/jdk.internal.reflect.DirectMethodHandleAccessor.invoke(DirectMethodHandleAccessor.java:103)
	at java.base/java.lang.reflect.Method.invoke(Method.java:580)
	at org.springframework.aop.support.AopUtils.invokeJoinpointUsingReflection(AopUtils.java:359)
	at org.springframework.aop.framework.ReflectiveMethodInvocation.invokeJoinpoint(ReflectiveMethodInvocation.java:196)
	at org.springframework.aop.framework.ReflectiveMethodInvocation.proceed(ReflectiveMethodInvocation.java:163)
	at org.springframework.transaction.interceptor.TransactionAspectSupport.invokeWithinTransaction(TransactionAspectSupport.java:380)
	at org.springframework.transaction.interceptor.TransactionInterceptor.invoke(TransactionInterceptor.java:119)
	at org.springframework.aop.framework.ReflectiveMethodInvocation.proceed(ReflectiveMethodInvocation.java:184)
	at org.springframework.aop.framework.CglibAopProxy$DynamicAdvisedInterceptor.intercept(CglibAopProxy.java:728)
	at com.inghubstr.brokerage.v1.service.OrderService$$SpringCGLIB$$0.createOrder(<generated>)
	at com.inghubstr.brokerage.OrderServiceTest.testCreateBuyOrder_success(OrderServiceTest.java:44)
	at java.base/java.lang.reflect.Method.invoke(Method.java:580)
	at java.base/java.util.ArrayList.forEach(ArrayList.java:1596)
	at java.base/java.util.ArrayList.forEach(ArrayList.java:1596)
]]></error>
    <system-out><![CDATA[2025-05-31T22:55:41.386+03:00  INFO 11288 --- [Brokerage] [           main] t.c.s.AnnotationConfigContextLoaderUtils : Could not detect default configuration classes for test class [com.inghubstr.brokerage.OrderServiceTest]: OrderServiceTest does not declare any static, non-private, non-final, nested classes annotated with @Configuration.
2025-05-31T22:55:41.398+03:00  INFO 11288 --- [Brokerage] [           main] .b.t.c.SpringBootTestContextBootstrapper : Found @SpringBootConfiguration com.inghubstr.brokerage.BrokerageApplication for test class com.inghubstr.brokerage.OrderServiceTest

,-----.               ,--.
|  |) /_,--.--. ,---. |  |,-. ,---. ,--.--.,--,--. ,---.  ,---.
|  .-.  \  .--'| .-. ||     /| .-. :|  .--' ,-.  || .-. || .-. :
|  '--' /  |   ' '-' '|  \  \\   --.|  |  \ '-'  |' '-' '\   --.
`------'`--'    `---' `--'`--'`----'`--'   `--`--'.`-  /  `----'
                                                  `---'    
2025-05-31T22:55:41.480+03:00  INFO 11288 --- [Brokerage] [           main] c.inghubstr.brokerage.OrderServiceTest   : Starting OrderServiceTest using Java 21.0.2 with PID 11288 (started by B7J4KDG in Z:\PROJECTS\JavaProjects\GokhanProjects\brokerage)
2025-05-31T22:55:41.481+03:00  INFO 11288 --- [Brokerage] [           main] c.inghubstr.brokerage.OrderServiceTest   : No active profile set, falling back to 1 default profile: "default"
2025-05-31T22:55:42.345+03:00  INFO 11288 --- [Brokerage] [           main] .s.d.r.c.RepositoryConfigurationDelegate : Bootstrapping Spring Data JPA repositories in DEFAULT mode.
2025-05-31T22:55:42.475+03:00  INFO 11288 --- [Brokerage] [           main] .s.d.r.c.RepositoryConfigurationDelegate : Finished Spring Data repository scanning in 127 ms. Found 4 JPA repository interfaces.
2025-05-31T22:55:42.548+03:00  INFO 11288 --- [Brokerage] [           main] beddedDataSourceBeanFactoryPostProcessor : Replacing 'dataSource' DataSource bean with embedded version
2025-05-31T22:55:42.648+03:00  INFO 11288 --- [Brokerage] [           main] o.s.j.d.e.EmbeddedDatabaseFactory        : Starting embedded database: url='jdbc:h2:mem:a5fe586d-919e-44bc-838f-ab66a403df7d;DB_CLOSE_DELAY=-1;DB_CLOSE_ON_EXIT=false', username='sa'
2025-05-31T22:55:42.696+03:00  INFO 11288 --- [Brokerage] [           main] o.hibernate.jpa.internal.util.LogHelper  : HHH000204: Processing PersistenceUnitInfo [name: default]
2025-05-31T22:55:42.711+03:00  INFO 11288 --- [Brokerage] [           main] o.h.c.internal.RegionFactoryInitiator    : HHH000026: Second-level cache disabled
2025-05-31T22:55:42.733+03:00  INFO 11288 --- [Brokerage] [           main] o.s.o.j.p.SpringPersistenceUnitInfo      : No LoadTimeWeaver setup: ignoring JPA class transformer
2025-05-31T22:55:42.735+03:00  WARN 11288 --- [Brokerage] [           main] org.hibernate.orm.deprecation            : HHH90000025: H2Dialect does not need to be specified explicitly using 'hibernate.dialect' (remove the property setting and it will be selected by default)
2025-05-31T22:55:42.736+03:00  INFO 11288 --- [Brokerage] [           main] org.hibernate.orm.connections.pooling    : HHH10001005: Database info:
	Database JDBC URL [Connecting through datasource 'org.springframework.jdbc.datasource.embedded.EmbeddedDatabaseFactory$EmbeddedDataSourceProxy@14c6d1b7']
	Database driver: undefined/unknown
	Database version: 2.3.232
	Autocommit mode: undefined/unknown
	Isolation level: undefined/unknown
	Minimum pool size: undefined/unknown
	Maximum pool size: undefined/unknown
2025-05-31T22:55:42.903+03:00  INFO 11288 --- [Brokerage] [           main] o.h.e.t.j.p.i.JtaPlatformInitiator       : HHH000489: No JTA platform available (set 'hibernate.transaction.jta.platform' to enable JTA platform integration)
2025-05-31T22:55:42.960+03:00  INFO 11288 --- [Brokerage] [           main] j.LocalContainerEntityManagerFactoryBean : Initialized JPA EntityManagerFactory for persistence unit 'default'
2025-05-31T22:55:43.149+03:00  INFO 11288 --- [Brokerage] [           main] eAuthenticationProviderManagerConfigurer : Global AuthenticationManager configured with AuthenticationProvider bean with name authenticationProvider
2025-05-31T22:55:43.149+03:00  WARN 11288 --- [Brokerage] [           main] r$InitializeUserDetailsManagerConfigurer : Global AuthenticationManager configured with an AuthenticationProvider bean. UserDetailsService beans will not be used by Spring Security for automatically configuring username/password login. Consider removing the AuthenticationProvider bean. Alternatively, consider using the UserDetailsService in a manually instantiated DaoAuthenticationProvider. If the current configuration is intentional, to turn off this warning, increase the logging level of 'org.springframework.security.config.annotation.authentication.configuration.InitializeUserDetailsBeanManagerConfigurer' to ERROR
2025-05-31T22:55:43.276+03:00  WARN 11288 --- [Brokerage] [           main] JpaBaseConfiguration$JpaWebConfiguration : spring.jpa.open-in-view is enabled by default. Therefore, database queries may be performed during view rendering. Explicitly configure spring.jpa.open-in-view to disable this warning
2025-05-31T22:55:43.406+03:00  WARN 11288 --- [Brokerage] [           main] thorizationManagerRequestMatcherRegistry : One of the patterns in [swagger-ui/**] is missing a leading slash. This is discouraged; please include the leading slash in all your request matcher patterns. In future versions of Spring Security, leaving out the leading slash will result in an exception.
2025-05-31T22:55:43.407+03:00  WARN 11288 --- [Brokerage] [           main] thorizationManagerRequestMatcherRegistry : One of the patterns in [swagger-ui/**] is missing a leading slash. This is discouraged; please include the leading slash in all your request matcher patterns. In future versions of Spring Security, leaving out the leading slash will result in an exception.
2025-05-31T22:55:43.409+03:00  WARN 11288 --- [Brokerage] [           main] thorizationManagerRequestMatcherRegistry : One of the patterns in [v3/api-docs/**] is missing a leading slash. This is discouraged; please include the leading slash in all your request matcher patterns. In future versions of Spring Security, leaving out the leading slash will result in an exception.
2025-05-31T22:55:43.597+03:00  INFO 11288 --- [Brokerage] [           main] o.s.b.a.h2.H2ConsoleAutoConfiguration    : H2 console available at '/h2-console'. Database available at 'jdbc:h2:mem:a5fe586d-919e-44bc-838f-ab66a403df7d'
2025-05-31T22:55:43.699+03:00  INFO 11288 --- [Brokerage] [           main] c.inghubstr.brokerage.OrderServiceTest   : Started OrderServiceTest in 2.294 seconds (process running for 13.588)
]]></system-out>
  </testcase>
  <testcase name="testMatchSellOrder_updatesTRY" classname="com.inghubstr.brokerage.OrderServiceTest" time="0.027">
    <error message="Asset can not be found" type="com.inghubstr.brokerage.v1.exception.ApiRequestException"><![CDATA[com.inghubstr.brokerage.v1.exception.ApiRequestException: Asset can not be found
	at com.inghubstr.brokerage.v1.service.OrderService.lambda$createOrder$0(OrderService.java:28)
	at java.base/java.util.Optional.orElseThrow(Optional.java:403)
	at com.inghubstr.brokerage.v1.service.OrderService.createOrder(OrderService.java:28)
	at java.base/jdk.internal.reflect.DirectMethodHandleAccessor.invoke(DirectMethodHandleAccessor.java:103)
	at java.base/java.lang.reflect.Method.invoke(Method.java:580)
	at org.springframework.aop.support.AopUtils.invokeJoinpointUsingReflection(AopUtils.java:359)
	at org.springframework.aop.framework.ReflectiveMethodInvocation.invokeJoinpoint(ReflectiveMethodInvocation.java:196)
	at org.springframework.aop.framework.ReflectiveMethodInvocation.proceed(ReflectiveMethodInvocation.java:163)
	at org.springframework.transaction.interceptor.TransactionAspectSupport.invokeWithinTransaction(TransactionAspectSupport.java:380)
	at org.springframework.transaction.interceptor.TransactionInterceptor.invoke(TransactionInterceptor.java:119)
	at org.springframework.aop.framework.ReflectiveMethodInvocation.proceed(ReflectiveMethodInvocation.java:184)
	at org.springframework.aop.framework.CglibAopProxy$DynamicAdvisedInterceptor.intercept(CglibAopProxy.java:728)
	at com.inghubstr.brokerage.v1.service.OrderService$$SpringCGLIB$$0.createOrder(<generated>)
	at com.inghubstr.brokerage.OrderServiceTest.testMatchSellOrder_updatesTRY(OrderServiceTest.java:95)
	at java.base/java.lang.reflect.Method.invoke(Method.java:580)
	at java.base/java.util.ArrayList.forEach(ArrayList.java:1596)
	at java.base/java.util.ArrayList.forEach(ArrayList.java:1596)
]]></error>
  </testcase>
  <testcase name="testCreateSellOrder_success" classname="com.inghubstr.brokerage.OrderServiceTest" time="0.026">
    <error message="Asset can not be found" type="com.inghubstr.brokerage.v1.exception.ApiRequestException"><![CDATA[com.inghubstr.brokerage.v1.exception.ApiRequestException: Asset can not be found
	at com.inghubstr.brokerage.v1.service.OrderService.lambda$createOrder$0(OrderService.java:28)
	at java.base/java.util.Optional.orElseThrow(Optional.java:403)
	at com.inghubstr.brokerage.v1.service.OrderService.createOrder(OrderService.java:28)
	at java.base/jdk.internal.reflect.DirectMethodHandleAccessor.invoke(DirectMethodHandleAccessor.java:103)
	at java.base/java.lang.reflect.Method.invoke(Method.java:580)
	at org.springframework.aop.support.AopUtils.invokeJoinpointUsingReflection(AopUtils.java:359)
	at org.springframework.aop.framework.ReflectiveMethodInvocation.invokeJoinpoint(ReflectiveMethodInvocation.java:196)
	at org.springframework.aop.framework.ReflectiveMethodInvocation.proceed(ReflectiveMethodInvocation.java:163)
	at org.springframework.transaction.interceptor.TransactionAspectSupport.invokeWithinTransaction(TransactionAspectSupport.java:380)
	at org.springframework.transaction.interceptor.TransactionInterceptor.invoke(TransactionInterceptor.java:119)
	at org.springframework.aop.framework.ReflectiveMethodInvocation.proceed(ReflectiveMethodInvocation.java:184)
	at org.springframework.aop.framework.CglibAopProxy$DynamicAdvisedInterceptor.intercept(CglibAopProxy.java:728)
	at com.inghubstr.brokerage.v1.service.OrderService$$SpringCGLIB$$0.createOrder(<generated>)
	at com.inghubstr.brokerage.OrderServiceTest.testCreateSellOrder_success(OrderServiceTest.java:56)
	at java.base/java.lang.reflect.Method.invoke(Method.java:580)
	at java.base/java.util.ArrayList.forEach(ArrayList.java:1596)
	at java.base/java.util.ArrayList.forEach(ArrayList.java:1596)
]]></error>
  </testcase>
  <testcase name="testCancelBuyOrder_success" classname="com.inghubstr.brokerage.OrderServiceTest" time="0.029">
    <error message="Asset can not be found" type="com.inghubstr.brokerage.v1.exception.ApiRequestException"><![CDATA[com.inghubstr.brokerage.v1.exception.ApiRequestException: Asset can not be found
	at com.inghubstr.brokerage.v1.service.OrderService.lambda$createOrder$0(OrderService.java:28)
	at java.base/java.util.Optional.orElseThrow(Optional.java:403)
	at com.inghubstr.brokerage.v1.service.OrderService.createOrder(OrderService.java:28)
	at java.base/jdk.internal.reflect.DirectMethodHandleAccessor.invoke(DirectMethodHandleAccessor.java:103)
	at java.base/java.lang.reflect.Method.invoke(Method.java:580)
	at org.springframework.aop.support.AopUtils.invokeJoinpointUsingReflection(AopUtils.java:359)
	at org.springframework.aop.framework.ReflectiveMethodInvocation.invokeJoinpoint(ReflectiveMethodInvocation.java:196)
	at org.springframework.aop.framework.ReflectiveMethodInvocation.proceed(ReflectiveMethodInvocation.java:163)
	at org.springframework.transaction.interceptor.TransactionAspectSupport.invokeWithinTransaction(TransactionAspectSupport.java:380)
	at org.springframework.transaction.interceptor.TransactionInterceptor.invoke(TransactionInterceptor.java:119)
	at org.springframework.aop.framework.ReflectiveMethodInvocation.proceed(ReflectiveMethodInvocation.java:184)
	at org.springframework.aop.framework.CglibAopProxy$DynamicAdvisedInterceptor.intercept(CglibAopProxy.java:728)
	at com.inghubstr.brokerage.v1.service.OrderService$$SpringCGLIB$$0.createOrder(<generated>)
	at com.inghubstr.brokerage.OrderServiceTest.testCancelBuyOrder_success(OrderServiceTest.java:68)
	at java.base/java.lang.reflect.Method.invoke(Method.java:580)
	at java.base/java.util.ArrayList.forEach(ArrayList.java:1596)
	at java.base/java.util.ArrayList.forEach(ArrayList.java:1596)
]]></error>
  </testcase>
  <testcase name="testMatchBuyOrder_updatesAsset" classname="com.inghubstr.brokerage.OrderServiceTest" time="0.035">
    <error message="Asset can not be found" type="com.inghubstr.brokerage.v1.exception.ApiRequestException"><![CDATA[com.inghubstr.brokerage.v1.exception.ApiRequestException: Asset can not be found
	at com.inghubstr.brokerage.v1.service.OrderService.lambda$createOrder$0(OrderService.java:28)
	at java.base/java.util.Optional.orElseThrow(Optional.java:403)
	at com.inghubstr.brokerage.v1.service.OrderService.createOrder(OrderService.java:28)
	at java.base/jdk.internal.reflect.DirectMethodHandleAccessor.invoke(DirectMethodHandleAccessor.java:103)
	at java.base/java.lang.reflect.Method.invoke(Method.java:580)
	at org.springframework.aop.support.AopUtils.invokeJoinpointUsingReflection(AopUtils.java:359)
	at org.springframework.aop.framework.ReflectiveMethodInvocation.invokeJoinpoint(ReflectiveMethodInvocation.java:196)
	at org.springframework.aop.framework.ReflectiveMethodInvocation.proceed(ReflectiveMethodInvocation.java:163)
	at org.springframework.transaction.interceptor.TransactionAspectSupport.invokeWithinTransaction(TransactionAspectSupport.java:380)
	at org.springframework.transaction.interceptor.TransactionInterceptor.invoke(TransactionInterceptor.java:119)
	at org.springframework.aop.framework.ReflectiveMethodInvocation.proceed(ReflectiveMethodInvocation.java:184)
	at org.springframework.aop.framework.CglibAopProxy$DynamicAdvisedInterceptor.intercept(CglibAopProxy.java:728)
	at com.inghubstr.brokerage.v1.service.OrderService$$SpringCGLIB$$0.createOrder(<generated>)
	at com.inghubstr.brokerage.OrderServiceTest.testMatchBuyOrder_updatesAsset(OrderServiceTest.java:81)
	at java.base/java.lang.reflect.Method.invoke(Method.java:580)
	at java.base/java.util.ArrayList.forEach(ArrayList.java:1596)
	at java.base/java.util.ArrayList.forEach(ArrayList.java:1596)
]]></error>
  </testcase>
</testsuite>